Start auto log messages stack - Iteration 1.	[MsgId: MMSG-10545]
Starting action Action.	[MsgId: MMSG-15919]
Action.c(3): web_set_sockets_option started  	[MsgId: MMSG-26355]
Action.c(3): web_set_sockets_option was successful  	[MsgId: MMSG-26392]
Action.c(5): web_cache_cleanup started  	[MsgId: MMSG-26355]
Action.c(5): web_cache_cleanup was successful  	[MsgId: MMSG-26392]
Action.c(7): web_cleanup_cookies started  	[MsgId: MMSG-26355]
Action.c(7): web_cleanup_cookies was successful  	[MsgId: MMSG-26392]
Action.c(9): web_reg_find started  	[MsgId: MMSG-26355]
Action.c(9): Registering web_reg_find was successful  	[MsgId: MMSG-26390]
Start auto log messages stack - Iteration 1.	[MsgId: MMSG-10545]
Start auto log messages stack - Iteration 1.	[MsgId: MMSG-10545]
Starting action Action.	[MsgId: MMSG-15919]
Starting action Action.	[MsgId: MMSG-15919]
Action.c(3): web_set_sockets_option started  	[MsgId: MMSG-26355]
Action.c(3): web_set_sockets_option was successful  	[MsgId: MMSG-26392]
Action.c(5): web_cache_cleanup started  	[MsgId: MMSG-26355]
Action.c(5): web_cache_cleanup was successful  	[MsgId: MMSG-26392]
Action.c(7): web_cleanup_cookies started  	[MsgId: MMSG-26355]
Action.c(7): web_cleanup_cookies was successful  	[MsgId: MMSG-26392]
Action.c(9): web_reg_find started  	[MsgId: MMSG-26355]
Action.c(9): Registering web_reg_find was successful  	[MsgId: MMSG-26390]
Action.c(3): web_set_sockets_option started  	[MsgId: MMSG-26355]
Action.c(14): Notify: Transaction "T01_Launch" started.	[MsgId: MMSG-16999]
Action.c(16): web_url("{p_URL}") started  	[MsgId: MMSG-26355]
Action.c(16): Error -27644: Step download timeout (120 seconds) has expired when only cross-step downloads (0) were active  	[MsgId: MERR-27644]
End auto log messages stack.	[MsgId: MMSG-10544]


Action.c(14): Notify: Transaction "T01_Launch" started.	[MsgId: MMSG-16999]
Action.c(16): web_url("{p_URL}") started  	[MsgId: MMSG-26355]
Action.c(16): Error -27721: Step download timeout (120 seconds) has expired when downloading resource "https://blazedemo.com/"  	[MsgId: MERR-27721]
End auto log messages stack.	[MsgId: MMSG-10544]


Action.c(3): web_set_sockets_option was successful  	[MsgId: MMSG-26392]
Action.c(5): web_cache_cleanup started  	[MsgId: MMSG-26355]
Action.c(5): web_cache_cleanup was successful  	[MsgId: MMSG-26392]
Action.c(7): web_cleanup_cookies started  	[MsgId: MMSG-26355]
Action.c(7): web_cleanup_cookies was successful  	[MsgId: MMSG-26392]
Action.c(9): web_reg_find started  	[MsgId: MMSG-26355]
Action.c(9): Registering web_reg_find was successful  	[MsgId: MMSG-26390]
Action.c(14): Notify: Transaction "T01_Launch" started.	[MsgId: MMSG-16999]
Action.c(16): web_url("{p_URL}") started  	[MsgId: MMSG-26355]
Action.c(16): Error -27721: Step download timeout (120 seconds) has expired when downloading resource "https://blazedemo.com/"  	[MsgId: MERR-27721]
End auto log messages stack.	[MsgId: MMSG-10544]


Start auto log messages stack - Iteration 47.	[MsgId: MMSG-10545]
Action.c(68): Notify: Transaction "T02_FindFlights" ended with a "Pass" status (Duration: 0.4838 Wasted Time: 0.0000).	[MsgId: MMSG-16871]
Action.c(69): Flights not chosen	[MsgId: MMSG-17999]
Action.c(72): lr_think_time: 10.00 seconds.	[MsgId: MMSG-15948]
Action.c(75): web_reg_save_param_ex started  	[MsgId: MMSG-26355]
Action.c(75): Registering web_reg_save_param_ex was successful  	[MsgId: MMSG-26390]
Action.c(83): Notify: Transaction "T03_ChooseFlight" started.	[MsgId: MMSG-16999]
Action.c(85): web_submit_form("purchase.php") started  	[MsgId: MMSG-26355]
Action.c(85): Submitting form to "https://blazedemo.com/purchase.php", Target Frame=""  	[MsgId: MMSG-27978]
Action.c(85): Notify: Transaction "T03_ChooseFlight" ended with a "Stop" status (Duration: 0.4519 Wasted Time: 0.0000).	[MsgId: MMSG-16871]
Abort was called from an action.	[MsgId: MMSG-10447]
Ending Vuser...	[MsgId: MMSG-15966]
Starting action vuser_end.	[MsgId: MMSG-15919]
Ending action vuser_end.	[MsgId: MMSG-15918]
Vuser Terminated.	[MsgId: MMSG-15963]
Action.c(85): Error -27760: Request "https://blazedemo.com/purchase.php" failed  	[MsgId: MERR-27760]
